android/app/build/intermediates/manifest_merge_blame_file/debug/manifest-merger-blame-debug-report.txt
1<?xml version="1.0" encoding="utf-8"?>
2<manifest xmlns:android="http://schemas.android.com/apk/res/android"
3    package="com.example.travel_savy"
4    android:versionCode="1"
5    android:versionName="1.0.0" >
6
7    <uses-sdk
8        android:minSdkVersion="21"
9        android:targetSdkVersion="34" />
10    <!--
11         The INTERNET permission is required for development. Specifically,
12         the Flutter tool needs it to communicate with the running application
13         to allow setting breakpoints, to provide hot reload, etc.
14    -->
15    <uses-permission android:name="android.permission.INTERNET" />
15-->src\debug\AndroidManifest.xml:6:5-66
15-->src\debug\AndroidManifest.xml:6:22-64
16    <!-- Package visibility untuk query aktivitas -->
17    <queries>
17-->src\main\AndroidManifest.xml:61:5-66:15
18        <intent>
18-->src\main\AndroidManifest.xml:62:9-65:18
19            <action android:name="android.intent.action.PROCESS_TEXT" />
19-->src\main\AndroidManifest.xml:63:13-73
19-->src\main\AndroidManifest.xml:63:21-70
20
21            <data android:mimeType="text/plain" />
21-->src\main\AndroidManifest.xml:64:13-51
21-->src\main\AndroidManifest.xml:64:19-48
22        </intent>
23
24        <package android:name="com.facebook.katana" />
24-->[com.facebook.android:facebook-common:17.0.1] AndroidManifest.xml:18:9-55
24-->[com.facebook.android:facebook-common:17.0.1] AndroidManifest.xml:18:18-52
25    </queries>
26
27    <uses-permission android:name="com.google.android.gms.permission.AD_ID" />
27-->[com.facebook.android:facebook-core:17.0.1] AndroidManifest.xml:16:5-79
27-->[com.facebook.android:facebook-core:17.0.1] AndroidManifest.xml:16:22-76
28
29    <permission
29-->[androidx.core:core:1.13.1] AndroidManifest.xml:22:5-24:47
30        android:name="com.example.travel_savy.DYNAMIC_RECEIVER_NOT_EXPORTED_PERMISSION"
30-->[androidx.core:core:1.13.1] AndroidManifest.xml:23:9-81
31        android:protectionLevel="signature" />
31-->[androidx.core:core:1.13.1] AndroidManifest.xml:24:9-44
32
33    <uses-permission android:name="com.example.travel_savy.DYNAMIC_RECEIVER_NOT_EXPORTED_PERMISSION" />
33-->[androidx.core:core:1.13.1] AndroidManifest.xml:26:5-97
33-->[androidx.core:core:1.13.1] AndroidManifest.xml:26:22-94
34    <uses-permission android:name="com.google.android.finsky.permission.BIND_GET_INSTALL_REFERRER_SERVICE" />
34-->[com.android.installreferrer:installreferrer:1.0] AndroidManifest.xml:9:5-110
34-->[com.android.installreferrer:installreferrer:1.0] AndroidManifest.xml:9:22-107
35
36    <application
37        android:name="android.app.Application"
38        android:appComponentFactory="androidx.core.app.CoreComponentFactory"
38-->[androidx.core:core:1.13.1] AndroidManifest.xml:28:18-86
39        android:debuggable="true"
40        android:extractNativeLibs="true"
41        android:icon="@mipmap/ic_launcher"
42        android:label="travel_savy"
43        android:supportsRtl="true" >
43-->[com.facebook.android:facebook-android-sdk:14.0.0] AndroidManifest.xml:28:18-44
44
45        <!-- Konfigurasi Google Sign-In -->
46        <meta-data
47            android:name="com.google.android.gms.appid"
48            android:value="@string/default_web_client_id" />
49        <meta-data
50            android:name="com.google.android.gms.version"
51            android:value="@integer/google_play_services_version" />
52
53        <!-- Konfigurasi Facebook SDK -->
54        <!--
55        <meta-data
56            android:name="com.facebook.sdk.ApplicationId"
57            android:value="@string/facebook_app_id" />
58        <activity
59            android:name="com.facebook.FacebookActivity"
60            android:configChanges="keyboard|keyboardHidden|screenLayout|screenSize|orientation"
61            android:label="@string/app_name" />
62        <activity
63            android:name="com.facebook.CustomTabActivity"
64            android:exported="true">
65            <intent-filter>
66                <action android:name="android.intent.action.VIEW" />
67                <category android:name="android.intent.category.DEFAULT" />
68                <category android:name="android.intent.category.BROWSABLE" />
69                <data android:scheme="@string/fb_login_protocol_scheme" />
70            </intent-filter>
71        </activity>
72        -->
73
74
75        <!-- Flutter MainActivity -->
76        <activity
77            android:name="com.example.travel_savy.MainActivity"
78            android:configChanges="orientation|keyboardHidden|keyboard|screenSize|smallestScreenSize|locale|layoutDirection|fontScale|screenLayout|density|uiMode"
79            android:exported="true"
80            android:hardwareAccelerated="true"
81            android:launchMode="singleTop"
82            android:taskAffinity=""
83            android:theme="@style/LaunchTheme"
84            android:windowSoftInputMode="adjustResize" >
85            <meta-data
86                android:name="io.flutter.embedding.android.NormalTheme"
87                android:resource="@style/NormalTheme" />
88
89            <intent-filter>
90                <action android:name="android.intent.action.MAIN" />
91
92                <category android:name="android.intent.category.LAUNCHER" />
93            </intent-filter>
94        </activity>
95
96        <!-- Meta-data untuk GeneratedPluginRegistrant -->
97        <meta-data
98            android:name="flutterEmbedding"
99            android:value="2" />
100
101        <activity
101-->[com.google.android.gms:play-services-auth:21.0.0] AndroidManifest.xml:23:9-27:75
102            android:name="com.google.android.gms.auth.api.signin.internal.SignInHubActivity"
102-->[com.google.android.gms:play-services-auth:21.0.0] AndroidManifest.xml:24:13-93
103            android:excludeFromRecents="true"
103-->[com.google.android.gms:play-services-auth:21.0.0] AndroidManifest.xml:25:13-46
104            android:exported="false"
104-->[com.google.android.gms:play-services-auth:21.0.0] AndroidManifest.xml:26:13-37
105            android:theme="@android:style/Theme.Translucent.NoTitleBar" />
105-->[com.google.android.gms:play-services-auth:21.0.0] AndroidManifest.xml:27:13-72
106        <!--
107            Service handling Google Sign-In user revocation. For apps that do not integrate with
108            Google Sign-In, this service will never be started.
109        -->
110        <service
110-->[com.google.android.gms:play-services-auth:21.0.0] AndroidManifest.xml:33:9-37:51
111            android:name="com.google.android.gms.auth.api.signin.RevocationBoundService"
111-->[com.google.android.gms:play-services-auth:21.0.0] AndroidManifest.xml:34:13-89
112            android:exported="true"
112-->[com.google.android.gms:play-services-auth:21.0.0] AndroidManifest.xml:35:13-36
113            android:permission="com.google.android.gms.auth.api.signin.permission.REVOCATION_NOTIFICATION"
113-->[com.google.android.gms:play-services-auth:21.0.0] AndroidManifest.xml:36:13-107
114            android:visibleToInstantApps="true" />
114-->[com.google.android.gms:play-services-auth:21.0.0] AndroidManifest.xml:37:13-48
115
116        <activity
116-->[com.facebook.android:facebook-common:17.0.1] AndroidManifest.xml:22:9-25:66
117            android:name="com.facebook.FacebookActivity"
117-->[com.facebook.android:facebook-common:17.0.1] AndroidManifest.xml:23:13-57
118            android:configChanges="keyboard|keyboardHidden|screenLayout|screenSize|orientation"
118-->[com.facebook.android:facebook-common:17.0.1] AndroidManifest.xml:24:13-96
119            android:theme="@style/com_facebook_activity_theme" />
119-->[com.facebook.android:facebook-common:17.0.1] AndroidManifest.xml:25:13-63
120        <activity android:name="com.facebook.CustomTabMainActivity" />
120-->[com.facebook.android:facebook-common:17.0.1] AndroidManifest.xml:26:9-71
120-->[com.facebook.android:facebook-common:17.0.1] AndroidManifest.xml:26:19-68
121        <activity
121-->[com.facebook.android:facebook-common:17.0.1] AndroidManifest.xml:27:9-41:20
122            android:name="com.facebook.CustomTabActivity"
122-->[com.facebook.android:facebook-common:17.0.1] AndroidManifest.xml:28:13-58
123            android:exported="true" >
123-->[com.facebook.android:facebook-common:17.0.1] AndroidManifest.xml:29:13-36
124            <intent-filter>
124-->[com.facebook.android:facebook-common:17.0.1] AndroidManifest.xml:31:13-40:29
125                <action android:name="android.intent.action.VIEW" />
125-->[com.facebook.android:facebook-common:17.0.1] AndroidManifest.xml:32:17-69
125-->[com.facebook.android:facebook-common:17.0.1] AndroidManifest.xml:32:25-66
126
127                <category android:name="android.intent.category.DEFAULT" />
127-->[com.facebook.android:facebook-common:17.0.1] AndroidManifest.xml:34:17-76
127-->[com.facebook.android:facebook-common:17.0.1] AndroidManifest.xml:34:27-73
128                <category android:name="android.intent.category.BROWSABLE" />
128-->[com.facebook.android:facebook-common:17.0.1] AndroidManifest.xml:35:17-78
128-->[com.facebook.android:facebook-common:17.0.1] AndroidManifest.xml:35:27-75
129
130                <data
130-->src\main\AndroidManifest.xml:64:13-51
131                    android:host="cct.com.example.travel_savy"
132                    android:scheme="fbconnect" />
133            </intent-filter>
134        </activity>
135        <activity
135-->[com.google.android.gms:play-services-base:18.0.1] AndroidManifest.xml:20:9-22:45
136            android:name="com.google.android.gms.common.api.GoogleApiActivity"
136-->[com.google.android.gms:play-services-base:18.0.1] AndroidManifest.xml:20:19-85
137            android:exported="false"
137-->[com.google.android.gms:play-services-base:18.0.1] AndroidManifest.xml:22:19-43
138            android:theme="@android:style/Theme.Translucent.NoTitleBar" />
138-->[com.google.android.gms:play-services-base:18.0.1] AndroidManifest.xml:21:19-78
139
140        <uses-library
140-->[androidx.window:window:1.2.0] AndroidManifest.xml:23:9-25:40
141            android:name="androidx.window.extensions"
141-->[androidx.window:window:1.2.0] AndroidManifest.xml:24:13-54
142            android:required="false" />
142-->[androidx.window:window:1.2.0] AndroidManifest.xml:25:13-37
143        <uses-library
143-->[androidx.window:window:1.2.0] AndroidManifest.xml:26:9-28:40
144            android:name="androidx.window.sidecar"
144-->[androidx.window:window:1.2.0] AndroidManifest.xml:27:13-51
145            android:required="false" />
145-->[androidx.window:window:1.2.0] AndroidManifest.xml:28:13-37
146        <!--
147         The initialization ContentProvider will call FacebookSdk.sdkInitialize automatically
148         with the application context. This config is merged in with the host app's manifest,
149         but there can only be one provider with the same authority activated at any given
150         point; so if the end user has two or more different apps that use Facebook SDK, only the
151         first one will be able to use the provider. To work around this problem, we use the
152         following placeholder in the authority to identify each host application as if it was
153         a completely different provider.
154        -->
155        <provider
155-->[com.facebook.android:facebook-core:17.0.1] AndroidManifest.xml:29:9-32:40
156            android:name="com.facebook.internal.FacebookInitProvider"
156-->[com.facebook.android:facebook-core:17.0.1] AndroidManifest.xml:30:13-70
157            android:authorities="com.example.travel_savy.FacebookInitProvider"
157-->[com.facebook.android:facebook-core:17.0.1] AndroidManifest.xml:31:13-72
158            android:exported="false" />
158-->[com.facebook.android:facebook-core:17.0.1] AndroidManifest.xml:32:13-37
159
160        <receiver
160-->[com.facebook.android:facebook-core:17.0.1] AndroidManifest.xml:34:9-40:20
161            android:name="com.facebook.CurrentAccessTokenExpirationBroadcastReceiver"
161-->[com.facebook.android:facebook-core:17.0.1] AndroidManifest.xml:35:13-86
162            android:exported="false" >
162-->[com.facebook.android:facebook-core:17.0.1] AndroidManifest.xml:36:13-37
163            <intent-filter>
163-->[com.facebook.android:facebook-core:17.0.1] AndroidManifest.xml:37:13-39:29
164                <action android:name="com.facebook.sdk.ACTION_CURRENT_ACCESS_TOKEN_CHANGED" />
164-->[com.facebook.android:facebook-core:17.0.1] AndroidManifest.xml:38:17-95
164-->[com.facebook.android:facebook-core:17.0.1] AndroidManifest.xml:38:25-92
165            </intent-filter>
166        </receiver>
167        <receiver
167-->[com.facebook.android:facebook-core:17.0.1] AndroidManifest.xml:41:9-47:20
168            android:name="com.facebook.AuthenticationTokenManager$CurrentAuthenticationTokenChangedBroadcastReceiver"
168-->[com.facebook.android:facebook-core:17.0.1] AndroidManifest.xml:42:13-118
169            android:exported="false" >
169-->[com.facebook.android:facebook-core:17.0.1] AndroidManifest.xml:43:13-37
170            <intent-filter>
170-->[com.facebook.android:facebook-core:17.0.1] AndroidManifest.xml:44:13-46:29
171                <action android:name="com.facebook.sdk.ACTION_CURRENT_AUTHENTICATION_TOKEN_CHANGED" />
171-->[com.facebook.android:facebook-core:17.0.1] AndroidManifest.xml:45:17-103
171-->[com.facebook.android:facebook-core:17.0.1] AndroidManifest.xml:45:25-100
172            </intent-filter>
173        </receiver>
174
175        <provider
175-->[androidx.lifecycle:lifecycle-process:2.7.0] AndroidManifest.xml:24:9-32:20
176            android:name="androidx.startup.InitializationProvider"
176-->[androidx.lifecycle:lifecycle-process:2.7.0] AndroidManifest.xml:25:13-67
177            android:authorities="com.example.travel_savy.androidx-startup"
177-->[androidx.lifecycle:lifecycle-process:2.7.0] AndroidManifest.xml:26:13-68
178            android:exported="false" >
178-->[androidx.lifecycle:lifecycle-process:2.7.0] AndroidManifest.xml:27:13-37
179            <meta-data
179-->[androidx.lifecycle:lifecycle-process:2.7.0] AndroidManifest.xml:29:13-31:52
180                android:name="androidx.lifecycle.ProcessLifecycleInitializer"
180-->[androidx.lifecycle:lifecycle-process:2.7.0] AndroidManifest.xml:30:17-78
181                android:value="androidx.startup" />
181-->[androidx.lifecycle:lifecycle-process:2.7.0] AndroidManifest.xml:31:17-49
182            <meta-data
182-->[androidx.profileinstaller:profileinstaller:1.3.1] AndroidManifest.xml:29:13-31:52
183                android:name="androidx.profileinstaller.ProfileInstallerInitializer"
183-->[androidx.profileinstaller:profileinstaller:1.3.1] AndroidManifest.xml:30:17-85
184                android:value="androidx.startup" />
184-->[androidx.profileinstaller:profileinstaller:1.3.1] AndroidManifest.xml:31:17-49
185        </provider>
186
187        <receiver
187-->[androidx.profileinstaller:profileinstaller:1.3.1] AndroidManifest.xml:34:9-52:20
188            android:name="androidx.profileinstaller.ProfileInstallReceiver"
188-->[androidx.profileinstaller:profileinstaller:1.3.1] AndroidManifest.xml:35:13-76
189            android:directBootAware="false"
189-->[androidx.profileinstaller:profileinstaller:1.3.1] AndroidManifest.xml:36:13-44
190            android:enabled="true"
190-->[androidx.profileinstaller:profileinstaller:1.3.1] AndroidManifest.xml:37:13-35
191            android:exported="true"
191-->[androidx.profileinstaller:profileinstaller:1.3.1] AndroidManifest.xml:38:13-36
192            android:permission="android.permission.DUMP" >
192-->[androidx.profileinstaller:profileinstaller:1.3.1] AndroidManifest.xml:39:13-57
193            <intent-filter>
193-->[androidx.profileinstaller:profileinstaller:1.3.1] AndroidManifest.xml:40:13-42:29
194                <action android:name="androidx.profileinstaller.action.INSTALL_PROFILE" />
194-->[androidx.profileinstaller:profileinstaller:1.3.1] AndroidManifest.xml:41:17-91
194-->[androidx.profileinstaller:profileinstaller:1.3.1] AndroidManifest.xml:41:25-88
195            </intent-filter>
196            <intent-filter>
196-->[androidx.profileinstaller:profileinstaller:1.3.1] AndroidManifest.xml:43:13-45:29
197                <action android:name="androidx.profileinstaller.action.SKIP_FILE" />
197-->[androidx.profileinstaller:profileinstaller:1.3.1] AndroidManifest.xml:44:17-85
197-->[androidx.profileinstaller:profileinstaller:1.3.1] AndroidManifest.xml:44:25-82
198            </intent-filter>
199            <intent-filter>
199-->[androidx.profileinstaller:profileinstaller:1.3.1] AndroidManifest.xml:46:13-48:29
200                <action android:name="androidx.profileinstaller.action.SAVE_PROFILE" />
200-->[androidx.profileinstaller:profileinstaller:1.3.1] AndroidManifest.xml:47:17-88
200-->[androidx.profileinstaller:profileinstaller:1.3.1] AndroidManifest.xml:47:25-85
201            </intent-filter>
202            <intent-filter>
202-->[androidx.profileinstaller:profileinstaller:1.3.1] AndroidManifest.xml:49:13-51:29
203                <action android:name="androidx.profileinstaller.action.BENCHMARK_OPERATION" />
203-->[androidx.profileinstaller:profileinstaller:1.3.1] AndroidManifest.xml:50:17-95
203-->[androidx.profileinstaller:profileinstaller:1.3.1] AndroidManifest.xml:50:25-92
204            </intent-filter>
205        </receiver>
206    </application>
207
208</manifest>